<?xml version="1.0" encoding="UTF-8"?>
<testng-results ignored="0" total="1" passed="1" failed="0" skipped="0">
  <reporter-output>
  </reporter-output>
  <suite started-at="2025-05-02T17:10:18 IST" name="Default suite" finished-at="2025-05-02T17:10:30 IST" duration-ms="12073">
    <groups>
    </groups>
    <test started-at="2025-05-02T17:10:18 IST" name="Default test" finished-at="2025-05-02T17:10:30 IST" duration-ms="12073">
      <class name="com.cb_website.tests.ProfileTest">
        <test-method is-config="true" signature="openTheBrowser()[pri:0, instance:com.cb_website.tests.ProfileTest@2af004b]" started-at="2025-05-02T17:10:12 IST" name="openTheBrowser" finished-at="2025-05-02T17:10:18 IST" duration-ms="6101" status="PASS">
          <reporter-output>
          </reporter-output>
        </test-method> <!-- openTheBrowser -->
        <test-method signature="PerformTasksInProfilePage()[pri:0, instance:com.cb_website.tests.ProfileTest@2af004b]" started-at="2025-05-02T17:10:18 IST" name="PerformTasksInProfilePage" finished-at="2025-05-02T17:10:30 IST" duration-ms="12019" status="PASS">
          <reporter-output>
          </reporter-output>
        </test-method> <!-- PerformTasksInProfilePage -->
        <test-method is-config="true" signature="closeTheBrowser()[pri:0, instance:com.cb_website.tests.ProfileTest@2af004b]" started-at="2025-05-02T17:10:30 IST" name="closeTheBrowser" finished-at="2025-05-02T17:10:30 IST" duration-ms="522" status="PASS">
          <reporter-output>
          </reporter-output>
        </test-method> <!-- closeTheBrowser -->
      </class> <!-- com.cb_website.tests.ProfileTest -->
    </test> <!-- Default test -->
  </suite> <!-- Default suite -->
</testng-results>
